0 info it worked if it ends with ok
1 verbose cli [ '/home/suraj/.nvm/versions/node/v4.8.6/bin/node',
1 verbose cli   '/home/suraj/.nvm/versions/node/v4.8.6/bin/npm',
1 verbose cli   'start' ]
2 info using npm@2.15.11
3 info using node@v4.8.6
4 verbose run-script [ 'prestart', 'start', 'poststart' ]
5 info prestart Mernstacked@1.0.0
6 info start Mernstacked@1.0.0
7 verbose unsafe-perm in lifecycle true
8 info Mernstacked@1.0.0 Failed to exec start script
9 verbose stack Error: Mernstacked@1.0.0 start: `npm run webpack; node server`
9 verbose stack Exit status 1
9 verbose stack     at EventEmitter.<anonymous> (/home/suraj/.nvm/versions/node/v4.8.6/lib/node_modules/npm/lib/utils/lifecycle.js:217:16)
9 verbose stack     at emitTwo (events.js:87:13)
9 verbose stack     at EventEmitter.emit (events.js:172:7)
9 verbose stack     at ChildProcess.<anonymous> (/home/suraj/.nvm/versions/node/v4.8.6/lib/node_modules/npm/lib/utils/spawn.js:24:14)
9 verbose stack     at emitTwo (events.js:87:13)
9 verbose stack     at ChildProcess.emit (events.js:172:7)
9 verbose stack     at maybeClose (internal/child_process.js:862:16)
9 verbose stack     at Process.ChildProcess._handle.onexit (internal/child_process.js:222:5)
10 verbose pkgid Mernstacked@1.0.0
11 verbose cwd /home/suraj/Desktop/REACTJS/current/Mernstacked
12 error Linux 4.4.0-101-generic
13 error argv "/home/suraj/.nvm/versions/node/v4.8.6/bin/node" "/home/suraj/.nvm/versions/node/v4.8.6/bin/npm" "start"
14 error node v4.8.6
15 error npm  v2.15.11
16 error code ELIFECYCLE
17 error Mernstacked@1.0.0 start: `npm run webpack; node server`
17 error Exit status 1
18 error Failed at the Mernstacked@1.0.0 start script 'npm run webpack; node server'.
18 error This is most likely a problem with the Mernstacked package,
18 error not with npm itself.
18 error Tell the author that this fails on your system:
18 error     npm run webpack; node server
18 error You can get information on how to open an issue for this project with:
18 error     npm bugs Mernstacked
18 error Or if that isn't available, you can get their info via:
18 error
18 error     npm owner ls Mernstacked
18 error There is likely additional logging output above.
19 verbose exit [ 1, true ]
